TN:
SF:script/DeployPayvergePayments.s.sol
DA:9,0
FN:9,DeployPayvergePayments.run
FNDA:0,DeployPayvergePayments.run
DA:10,0
DA:11,0
DA:14,0
DA:15,0
DA:16,0
DA:17,0
DA:18,0
DA:20,0
DA:21,0
DA:22,0
DA:23,0
DA:24,0
DA:25,0
DA:27,0
DA:30,0
DA:31,0
DA:34,0
DA:45,0
DA:50,0
DA:53,0
DA:54,0
DA:55,0
DA:56,0
DA:57,0
DA:58,0
DA:59,0
DA:61,0
DA:64,0
DA:65,0
DA:66,0
DA:67,0
DA:68,0
DA:69,0
DA:70,0
DA:71,0
DA:72,0
DA:73,0
FNF:1
FNH:0
LF:38
LH:0
BRF:0
BRH:0
end_of_record
TN:
SF:src/PayvergePayments.sol
DA:112,1
FN:112,PayvergePayments.onlyActiveBusiness
FNDA:1,PayvergePayments.onlyActiveBusiness
DA:113,1
BRDA:113,0,0,-
BRDA:113,0,1,1
DA:117,0
FN:117,PayvergePayments.onlyBillOwner
FNDA:0,PayvergePayments.onlyBillOwner
DA:118,0
BRDA:118,1,0,-
BRDA:118,1,1,-
DA:122,172
FN:122,PayvergePayments.validAmount
FNDA:172,PayvergePayments.validAmount
DA:123,172
BRDA:123,2,0,1
BRDA:123,2,1,52
DA:124,169
BRDA:124,3,0,2
BRDA:124,3,1,50
DA:128,55
FN:128,PayvergePayments.onlyBillCreator
FNDA:55,PayvergePayments.onlyBillCreator
DA:129,55
BRDA:129,4,0,2
BRDA:129,4,1,53
DA:133,50
FN:133,PayvergePayments.rateLimited
FNDA:50,PayvergePayments.rateLimited
DA:134,50
BRDA:134,5,0,3
BRDA:134,5,1,47
DA:139,45
DA:172,39
FN:172,PayvergePayments.initialize
FNDA:39,PayvergePayments.initialize
DA:180,39
BRDA:180,6,0,-
BRDA:180,6,1,39
DA:181,39
BRDA:181,7,0,-
BRDA:181,7,1,39
DA:182,39
BRDA:182,8,0,-
BRDA:182,8,1,39
DA:183,39
BRDA:183,9,0,-
BRDA:183,9,1,39
DA:184,39
BRDA:184,10,0,-
BRDA:184,10,1,39
DA:185,39
BRDA:185,11,0,-
BRDA:185,11,1,39
DA:187,39
DA:188,39
DA:189,39
DA:190,39
DA:192,39
DA:193,39
DA:194,39
DA:195,39
DA:196,39
DA:197,39
DA:199,39
DA:200,39
DA:201,39
DA:202,39
DA:208,48
FN:208,PayvergePayments.registerBusiness
FNDA:48,PayvergePayments.registerBusiness
DA:213,47
BRDA:213,12,0,2
BRDA:213,12,1,45
DA:214,45
BRDA:214,13,0,1
BRDA:214,13,1,44
DA:217,44
BRDA:217,14,0,-
DA:218,0
DA:221,44
DA:230,44
DA:236,1
FN:236,PayvergePayments.updateBusinessPaymentAddress
FNDA:1,PayvergePayments.updateBusinessPaymentAddress
DA:239,1
BRDA:239,15,0,-
BRDA:239,15,1,1
DA:241,1
DA:242,1
DA:244,1
DA:250,1
FN:250,PayvergePayments.updateBusinessTippingAddress
FNDA:1,PayvergePayments.updateBusinessTippingAddress
DA:253,1
BRDA:253,16,0,-
BRDA:253,16,1,1
DA:255,1
DA:256,1
DA:258,1
DA:264,55
FN:264,PayvergePayments.createBill
FNDA:55,PayvergePayments.createBill
DA:276,46
BRDA:276,17,0,-
BRDA:276,17,1,46
DA:277,46
BRDA:277,18,0,-
BRDA:277,18,1,46
DA:278,46
BRDA:278,19,0,1
BRDA:278,19,1,45
DA:279,45
BRDA:279,20,0,-
BRDA:279,20,1,45
DA:281,45
DA:283,45
DA:295,45
DA:296,45
DA:298,45
DA:305,172
FN:305,PayvergePayments.processPayment
FNDA:172,PayvergePayments.processPayment
DA:310,168
BRDA:310,21,0,-
BRDA:310,21,1,168
DA:312,168
DA:313,168
BRDA:313,22,0,2
BRDA:313,22,1,166
DA:314,166
BRDA:314,23,0,3
BRDA:314,23,1,163
DA:316,163
DA:317,163
BRDA:317,24,0,-
BRDA:317,24,1,163
DA:320,163
DA:321,163
DA:323,157
BRDA:323,25,0,157
DA:324,157
DA:325,157
DA:326,157
DA:330,163
DA:331,163
DA:332,163
DA:335,163
DA:337,163
BRDA:337,26,0,163
DA:338,163
DA:342,163
DA:343,163
BRDA:343,27,0,15
DA:344,15
DA:348,163
DA:349,163
DA:350,163
DA:353,163
DA:354,163
DA:357,163
DA:358,163
BRDA:358,28,0,33
DA:359,33
DA:360,33
DA:364,163
DA:365,163
DA:368,163
DA:369,163
DA:379,163
DA:386,9
FN:386,PayvergePayments.claimEarnings
FNDA:9,PayvergePayments.claimEarnings
DA:387,8
DA:388,8
BRDA:388,29,0,1
BRDA:388,29,1,7
DA:389,7
BRDA:389,30,0,-
BRDA:389,30,1,7
DA:392,7
DA:393,7
DA:395,7
BRDA:395,31,0,-
BRDA:395,31,1,7
DA:398,7
BRDA:398,32,0,7
DA:399,7
DA:400,7
DA:403,7
BRDA:403,33,0,5
DA:404,5
DA:405,5
DA:409,7
BRDA:409,34,0,7
DA:410,7
DA:411,7
DA:414,7
BRDA:414,35,0,5
DA:415,5
DA:416,5
DA:423,6
FN:423,PayvergePayments.proposePlatformFeeUpdate
FNDA:6,PayvergePayments.proposePlatformFeeUpdate
DA:424,5
BRDA:424,36,0,1
BRDA:424,36,1,4
DA:426,4
DA:427,4
DA:429,4
DA:435,4
FN:435,PayvergePayments.executePlatformFeeUpdate
FNDA:4,PayvergePayments.executePlatformFeeUpdate
DA:436,4
BRDA:436,37,0,-
BRDA:436,37,1,4
DA:437,4
BRDA:437,38,0,-
BRDA:437,38,1,4
DA:439,4
DA:442,4
DA:443,4
DA:445,4
DA:451,0
FN:451,PayvergePayments.cancelPlatformFeeUpdate
FNDA:0,PayvergePayments.cancelPlatformFeeUpdate
DA:452,0
BRDA:452,39,0,-
BRDA:452,39,1,-
DA:454,0
DA:455,0
DA:457,0
DA:463,0
FN:463,PayvergePayments.setFeeUpdateDelay
FNDA:0,PayvergePayments.setFeeUpdateDelay
DA:464,0
BRDA:464,40,0,-
BRDA:464,40,1,-
DA:465,0
BRDA:465,41,0,-
BRDA:465,41,1,-
DA:467,0
DA:468,0
DA:474,1
FN:474,PayvergePayments.setBillCreator
FNDA:1,PayvergePayments.setBillCreator
DA:475,1
BRDA:475,42,0,-
BRDA:475,42,1,1
DA:476,1
DA:477,1
DA:478,1
DA:484,0
FN:484,PayvergePayments.proposeRegistrationFeeUpdate
FNDA:0,PayvergePayments.proposeRegistrationFeeUpdate
DA:485,0
BRDA:485,43,0,-
BRDA:485,43,1,-
DA:487,0
DA:488,0
DA:490,0
DA:496,0
FN:496,PayvergePayments.executeRegistrationFeeUpdate
FNDA:0,PayvergePayments.executeRegistrationFeeUpdate
DA:497,0
BRDA:497,44,0,-
BRDA:497,44,1,-
DA:498,0
BRDA:498,45,0,-
BRDA:498,45,1,-
DA:500,0
DA:503,0
DA:504,0
DA:506,0
DA:512,0
FN:512,PayvergePayments.cancelRegistrationFeeUpdate
FNDA:0,PayvergePayments.cancelRegistrationFeeUpdate
DA:513,0
BRDA:513,46,0,-
BRDA:513,46,1,-
DA:515,0
DA:516,0
DA:518,0
DA:524,0
FN:524,PayvergePayments.getBusinessBillCount
FNDA:0,PayvergePayments.getBusinessBillCount
DA:525,0
DA:531,3
FN:531,PayvergePayments.pause
FNDA:3,PayvergePayments.pause
DA:532,2
DA:538,1
FN:538,PayvergePayments.unpause
FNDA:1,PayvergePayments.unpause
DA:539,1
DA:545,11
FN:545,PayvergePayments.getBill
FNDA:11,PayvergePayments.getBill
DA:546,11
BRDA:546,47,0,-
BRDA:546,47,1,11
DA:547,11
DA:553,2
FN:553,PayvergePayments.getBusinessInfo
FNDA:2,PayvergePayments.getBusinessInfo
DA:554,2
DA:560,2
FN:560,PayvergePayments.getBillPayments
FNDA:2,PayvergePayments.getBillPayments
DA:561,2
DA:567,6
FN:567,PayvergePayments.getClaimableAmounts
FNDA:6,PayvergePayments.getClaimableAmounts
DA:572,6
DA:581,3
FN:581,PayvergePayments.getBillParticipants
FNDA:3,PayvergePayments.getBillParticipants
DA:586,3
BRDA:586,48,0,-
BRDA:586,48,1,3
DA:587,3
DA:593,10
FN:593,PayvergePayments.getParticipantInfo
FNDA:10,PayvergePayments.getParticipantInfo
DA:598,10
BRDA:598,49,0,-
BRDA:598,49,1,10
DA:599,10
DA:601,10
DA:607,3
FN:607,PayvergePayments.hasParticipatedInBill
FNDA:3,PayvergePayments.hasParticipatedInBill
DA:612,3
DA:613,3
DA:619,12
FN:619,PayvergePayments.getBillSummary
FNDA:12,PayvergePayments.getBillSummary
DA:629,12
BRDA:629,50,0,-
BRDA:629,50,1,12
DA:630,12
DA:632,12
DA:643,0
FN:643,PayvergePayments.getRegistrationFee
FNDA:0,PayvergePayments.getRegistrationFee
DA:644,0
DA:650,0
FN:650,PayvergePayments.getPendingRegistrationFeeInfo
FNDA:0,PayvergePayments.getPendingRegistrationFeeInfo
DA:655,0
DA:661,0
FN:661,PayvergePayments._authorizeUpgrade
FNDA:0,PayvergePayments._authorizeUpgrade
DA:666,0
FN:666,PayvergePayments.version
FNDA:0,PayvergePayments.version
DA:667,0
FNF:35
FNH:24
LF:195
LH:156
BRF:93
BRH:53
end_of_record
TN:
SF:test/PayvergePaymentsSecurity.t.sol
DA:16,39
FN:16,ReentrantAttacker.constructor
FNDA:39,ReentrantAttacker.constructor
DA:17,39
DA:18,39
DA:21,0
FN:21,ReentrantAttacker.attack
FNDA:0,ReentrantAttacker.attack
DA:22,0
DA:23,0
DA:24,0
DA:28,0
FN:28,ReentrantAttacker.receive
FNDA:0,ReentrantAttacker.receive
DA:29,0
BRDA:29,0,0,-
DA:30,0
DA:31,0
DA:36,0
FN:36,ReentrantAttacker.transfer
FNDA:0,ReentrantAttacker.transfer
DA:37,0
BRDA:37,1,0,-
DA:38,0
DA:39,0
DA:41,0
DA:50,39
FN:50,FlashLoanAttacker.constructor
FNDA:39,FlashLoanAttacker.constructor
DA:51,39
DA:52,39
DA:55,0
FN:55,FlashLoanAttacker.flashLoanAttack
FNDA:0,FlashLoanAttacker.flashLoanAttack
DA:57,0
DA:65,39
FN:65,GriefingAttacker.constructor
FNDA:39,GriefingAttacker.constructor
DA:66,39
DA:69,0
FN:69,GriefingAttacker.griefAttack
FNDA:0,GriefingAttacker.griefAttack
DA:71,0
FNF:8
FNH:3
LF:25
LH:8
BRF:2
BRH:0
end_of_record
TN:
SF:test/mocks/MockERC20.sol
DA:9,39
FN:9,MockERC20.constructor
FNDA:39,MockERC20.constructor
DA:14,39
DA:17,322
FN:17,MockERC20.mint
FNDA:322,MockERC20.mint
DA:18,322
DA:21,0
FN:21,MockERC20.decimals
FNDA:0,MockERC20.decimals
DA:22,0
FNF:3
FNH:2
LF:6
LH:4
BRF:0
BRH:0
end_of_record
